<?xml version="1.0" encoding="UTF-8"?>
<!-- Generated by org.testng.reporters.JUnitReportReporter -->
<testsuite name="com.test.webPages.GoogleTranslateAssignmentTest" tests="1" time="8.944" ignored="0" failures="0" timestamp="04 Nov 2022 03:25:49 GMT" skipped="0" hostname="LAPTOP-2288IBD7" errors="0">
  <testcase name="firstTest" time="8.944" classname="com.test.webPages.GoogleTranslateAssignmentTest"/>
</testsuite> <!-- com.test.webPages.GoogleTranslateAssignmentTest -->
